[14:29:55] [ServerMain/WARN]: resource-pack-id missing, using default of c0c4f664-a482-3eb0-ac9f-8f648efa514f
[14:29:55] [ServerMain/INFO]: Environment: Environment[sessionHost=https://sessionserver.mojang.com, servicesHost=https://api.minecraftservices.com, name=PROD]
[14:29:57] [ServerMain/INFO]: Loaded 1174 recipes
[14:29:57] [ServerMain/INFO]: Loaded 1274 advancements
[14:29:57] [Server thread/INFO]: Starting minecraft server version 1.20.4
[14:29:57] [Server thread/INFO]: Loading properties
[14:29:58] [Server thread/INFO]: This server is running Paper version git-Paper-497 (MC: 1.20.4) (Implementing API version 1.20.4-R0.1-SNAPSHOT) (Git: d8d54d9 on ver/1.20.4)
[14:29:59] [Server thread/INFO]: Server Ping Player Sample Count: 12
[14:29:59] [Server thread/INFO]: Using 4 threads for Netty based IO
[14:29:59] [Server thread/WARN]: [!] The timings profiler has been enabled but has been scheduled for removal from Paper in the future.
    We recommend installing the spark profiler as a replacement: https://spark.lucko.me/
    For more information please visit: https://github.com/PaperMC/Paper/issues/8948
[14:29:59] [Server thread/INFO]: [ChunkTaskScheduler] Chunk system is using 1 I/O threads, 1 worker threads, and gen parallelism of 1 threads
[14:29:59] [Server thread/INFO]: Default game type: SURVIVAL
[14:29:59] [Server thread/INFO]: Generating keypair
[14:29:59] [Server thread/INFO]: Starting Minecraft server on *:25565
[14:29:59] [Server thread/INFO]: Using epoll channel type
[14:29:59] [Server thread/INFO]: Paper: Using libdeflate (Linux x86_64) compression from Velocity.
[14:29:59] [Server thread/INFO]: Paper: Using OpenSSL 3.0.x (Linux x86_64) cipher from Velocity.
[14:29:59] [Server thread/ERROR]: [ModernPluginLoadingStrategy] Could not load plugin 'JCinematic-Free  8.8.5.0.1.jar' in folder 'plugins'
org.bukkit.plugin.InvalidPluginException: Unsupported API version 1.21
	at org.bukkit.craftbukkit.v1_20_R3.util.CraftMagicNumbers.checkSupported(CraftMagicNumbers.java:389) ~[paper-1.20.4.jar:git-Paper-497]
	at io.papermc.paper.plugin.provider.type.spigot.SpigotPluginProvider.createInstance(SpigotPluginProvider.java:119) ~[paper-1.20.4.jar:git-Paper-497]
	at io.papermc.paper.plugin.provider.type.spigot.SpigotPluginProvider.createInstance(SpigotPluginProvider.java:35) ~[paper-1.20.4.jar:git-Paper-497]
	at io.papermc.paper.plugin.entrypoint.strategy.modern.ModernPluginLoadingStrategy.loadProviders(ModernPluginLoadingStrategy.java:116) ~[paper-1.20.4.jar:git-Paper-497]
	at io.papermc.paper.plugin.storage.SimpleProviderStorage.enter(SimpleProviderStorage.java:38) ~[paper-1.20.4.jar:git-Paper-497]
	at io.papermc.paper.plugin.entrypoint.LaunchEntryPointHandler.enter(LaunchEntryPointHandler.java:36) ~[paper-1.20.4.jar:git-Paper-497]
	at org.bukkit.craftbukkit.v1_20_R3.CraftServer.loadPlugins(CraftServer.java:507) ~[paper-1.20.4.jar:git-Paper-497]
	at net.minecraft.server.dedicated.DedicatedServer.initServer(DedicatedServer.java:274) ~[paper-1.20.4.jar:git-Paper-497]
	at net.minecraft.server.MinecraftServer.runServer(MinecraftServer.java:1131) ~[paper-1.20.4.jar:git-Paper-497]
	at net.minecraft.server.MinecraftServer.lambda$spin$0(MinecraftServer.java:319) ~[paper-1.20.4.jar:git-Paper-497]
	at java.lang.Thread.run(Thread.java:1583) ~[?:?]
[14:29:59] [Server thread/INFO]: [SpigotLibraryLoader] [PvPManager] Loading 2 libraries... please wait
[14:30:00] [Server thread/INFO]: [SpigotLibraryLoader] [PvPManager] Loaded library /workspaces/ChamitosIslas/servidor_minecraft/libraries/com/zaxxer/HikariCP/4.0.3/HikariCP-4.0.3.jar
[14:30:00] [Server thread/INFO]: [SpigotLibraryLoader] [PvPManager] Loaded library /workspaces/ChamitosIslas/servidor_minecraft/libraries/org/slf4j/slf4j-api/2.0.13/slf4j-api-2.0.13.jar
[14:30:00] [Server thread/INFO]: [SpigotLibraryLoader] [ItemEdit] Loading 5 libraries... please wait
[14:30:00] [Server thread/INFO]: [SpigotLibraryLoader] [ItemEdit] Loaded library /workspaces/ChamitosIslas/servidor_minecraft/libraries/net/kyori/adventure-api/4.20.0/adventure-api-4.20.0.jar
[14:30:00] [Server thread/INFO]: [SpigotLibraryLoader] [ItemEdit] Loaded library /workspaces/ChamitosIslas/servidor_minecraft/libraries/net/kyori/adventure-key/4.20.0/adventure-key-4.20.0.jar
[14:30:00] [Server thread/INFO]: [SpigotLibraryLoader] [ItemEdit] Loaded library /workspaces/ChamitosIslas/servidor_minecraft/libraries/net/kyori/examination-api/1.3.0/examination-api-1.3.0.jar
[14:30:00] [Server thread/INFO]: [SpigotLibraryLoader] [ItemEdit] Loaded library /workspaces/ChamitosIslas/servidor_minecraft/libraries/net/kyori/examination-string/1.3.0/examination-string-1.3.0.jar
[14:30:00] [Server thread/INFO]: [SpigotLibraryLoader] [ItemEdit] Loaded library /workspaces/ChamitosIslas/servidor_minecraft/libraries/org/jetbrains/annotations/26.0.2/annotations-26.0.2.jar
[14:30:00] [Server thread/INFO]: [SpigotLibraryLoader] [ItemEdit] Loaded library /workspaces/ChamitosIslas/servidor_minecraft/libraries/net/kyori/adventure-platform-bukkit/4.3.4/adventure-platform-bukkit-4.3.4.jar
[14:30:00] [Server thread/INFO]: [SpigotLibraryLoader] [ItemEdit] Loaded library /workspaces/ChamitosIslas/servidor_minecraft/libraries/net/kyori/adventure-platform-api/4.3.4/adventure-platform-api-4.3.4.jar
[14:30:00] [Server thread/INFO]: [SpigotLibraryLoader] [ItemEdit] Loaded library /workspaces/ChamitosIslas/servidor_minecraft/libraries/net/kyori/adventure-text-serializer-bungeecord/4.3.4/adventure-text-serializer-bungeecord-4.3.4.jar
[14:30:00] [Server thread/INFO]: [SpigotLibraryLoader] [ItemEdit] Loaded library /workspaces/ChamitosIslas/servidor_minecraft/libraries/net/kyori/adventure-nbt/4.13.1/adventure-nbt-4.13.1.jar
[14:30:00] [Server thread/INFO]: [SpigotLibraryLoader] [ItemEdit] Loaded library /workspaces/ChamitosIslas/servidor_minecraft/libraries/net/kyori/adventure-text-serializer-gson-legacy-impl/4.13.1/adventure-text-serializer-gson-legacy-impl-4.13.1.jar
[14:30:00] [Server thread/INFO]: [SpigotLibraryLoader] [ItemEdit] Loaded library /workspaces/ChamitosIslas/servidor_minecraft/libraries/net/kyori/adventure-platform-facet/4.3.4/adventure-platform-facet-4.3.4.jar
[14:30:00] [Server thread/INFO]: [SpigotLibraryLoader] [ItemEdit] Loaded library /workspaces/ChamitosIslas/servidor_minecraft/libraries/net/kyori/adventure-platform-viaversion/4.3.4/adventure-platform-viaversion-4.3.4.jar
[14:30:00] [Server thread/INFO]: [SpigotLibraryLoader] [ItemEdit] Loaded library /workspaces/ChamitosIslas/servidor_minecraft/libraries/net/kyori/adventure-text-minimessage/4.20.0/adventure-text-minimessage-4.20.0.jar
[14:30:00] [Server thread/INFO]: [SpigotLibraryLoader] [ItemEdit] Loaded library /workspaces/ChamitosIslas/servidor_minecraft/libraries/net/kyori/adventure-text-serializer-gson/4.20.0/adventure-text-serializer-gson-4.20.0.jar
[14:30:00] [Server thread/INFO]: [SpigotLibraryLoader] [ItemEdit] Loaded library /workspaces/ChamitosIslas/servidor_minecraft/libraries/net/kyori/adventure-text-serializer-json/4.20.0/adventure-text-serializer-json-4.20.0.jar
[14:30:00] [Server thread/INFO]: [SpigotLibraryLoader] [ItemEdit] Loaded library /workspaces/ChamitosIslas/servidor_minecraft/libraries/net/kyori/option/1.1.0/option-1.1.0.jar
[14:30:00] [Server thread/INFO]: [SpigotLibraryLoader] [ItemEdit] Loaded library /workspaces/ChamitosIslas/servidor_minecraft/libraries/org/jspecify/jspecify/1.0.0/jspecify-1.0.0.jar
[14:30:00] [Server thread/INFO]: [SpigotLibraryLoader] [ItemEdit] Loaded library /workspaces/ChamitosIslas/servidor_minecraft/libraries/com/google/code/gson/gson/2.8.0/gson-2.8.0.jar
[14:30:00] [Server thread/INFO]: [SpigotLibraryLoader] [ItemEdit] Loaded library /workspaces/ChamitosIslas/servidor_minecraft/libraries/com/google/auto/service/auto-service-annotations/1.1.1/auto-service-annotations-1.1.1.jar
[14:30:00] [Server thread/INFO]: [SpigotLibraryLoader] [ItemEdit] Loaded library /workspaces/ChamitosIslas/servidor_minecraft/libraries/net/kyori/adventure-text-serializer-commons/4.20.0/adventure-text-serializer-commons-4.20.0.jar
[14:30:00] [Server thread/INFO]: [SpigotLibraryLoader] [ItemEdit] Loaded library /workspaces/ChamitosIslas/servidor_minecraft/libraries/net/kyori/adventure-text-serializer-legacy/4.20.0/adventure-text-serializer-legacy-4.20.0.jar
[14:30:00] [Server thread/INFO]: [LuckPerms] Loading server plugin LuckPerms v5.5.10
[14:30:00] [Server thread/INFO]: [LuckPerms] Loading configuration...
[14:30:00] [Server thread/INFO]: [WorldEdit] Loading server plugin WorldEdit v7.2.19+6642-415ef95
[14:30:02] [Server thread/INFO]: Got request to register class com.sk89q.worldedit.bukkit.BukkitServerInterface with WorldEdit [com.sk89q.worldedit.extension.platform.PlatformManager@3afd1403]
[14:30:02] [Server thread/INFO]: [Essentials] Loading server plugin Essentials v2.22.0-dev+11-58726fb
[14:30:02] [Server thread/INFO]: [WorldGuard] Loading server plugin WorldGuard v7.0.9+5934e49
[14:30:02] [Server thread/INFO]: [PlaceholderAPI] Loading server plugin PlaceholderAPI v2.11.6
[14:30:02] [Server thread/INFO]: [BlockLocker] Loading server plugin BlockLocker v1.13
[14:30:02] [Server thread/INFO]: [CraftEnhance] Loading server plugin CraftEnhance v2.5.9
[14:30:02] [Server thread/INFO]: [PvPManager] Loading server plugin PvPManager v3.19.10
[14:30:02] [Server thread/INFO]: [ConditionalEvents] Loading server plugin ConditionalEvents v4.65.1
[14:30:02] [Server thread/INFO]: [PlasmoVoice] Loading server plugin PlasmoVoice v2.1.5
[14:30:02] [Server thread/INFO]: [ItemEdit] Loading server plugin ItemEdit v3.7.4
[14:30:02] [Server thread/INFO]: [NametagEdit] Loading server plugin NametagEdit v4.5.23
[14:30:02] [Server thread/INFO]: [Shopkeepers] Loading server plugin Shopkeepers v2.20.0
[14:30:02] [Server thread/INFO]: [Shopkeepers] Loaded all plugin classes (549 ms).
[14:30:02] [Server thread/INFO]: [Shopkeepers] Loading config.
[14:30:03] [Server thread/WARN]: [Shopkeepers] Config: Invalid living entity type name in 'enabled-living-shops': ARMADILLO
[14:30:03] [Server thread/WARN]: [Shopkeepers] Config: All existing entity type names can be found here: https://hub.spigotmc.org/javadocs/spigot/org/bukkit/entity/EntityType.html
[14:30:03] [Server thread/INFO]: [Shopkeepers] Loading language file: language-en-default.yml
[14:30:03] [Server thread/WARN]: [Shopkeepers] Config: Invalid living entity type name in 'enabled-living-shops': ARMADILLO
[14:30:03] [Server thread/WARN]: [Shopkeepers] Config: All existing entity type names can be found here: https://hub.spigotmc.org/javadocs/spigot/org/bukkit/entity/EntityType.html
[14:30:03] [Server thread/INFO]: [Shopkeepers] Registering WorldGuard flag 'allow-shop'.
[14:30:03] [Server thread/INFO]: [Shopkeepers] Registering defaults.
[14:30:03] [Server thread/INFO]: [SkinsRestorer] Loading server plugin SkinsRestorer v15.7.8
[14:30:03] [Server thread/INFO]: [AnimationsCore] Loading server plugin AnimationsCore v0.1-SNAPSHOT
[14:30:03] [Server thread/INFO]: Server permissions file permissions.yml is empty, ignoring it
[14:30:03] [Server thread/INFO]: [LuckPerms] Enabling LuckPerms v5.5.10
[14:30:03] [Server thread/INFO]:         __    
[14:30:03] [Server thread/INFO]:   |    |__)   LuckPerms v5.5.10
[14:30:03] [Server thread/INFO]:   |___ |      Running on Bukkit - Paper
[14:30:03] [Server thread/INFO]: 
[14:30:03] [Server thread/INFO]: [LuckPerms] Loading storage provider... [H2]
[14:30:04] [Server thread/INFO]: [LuckPerms] Loading internal permission managers...
[14:30:04] [Server thread/INFO]: [LuckPerms] Performing initial data load...
[14:30:04] [Server thread/INFO]: [LuckPerms] Successfully enabled. (took 1152ms)
[14:30:04] [Server thread/INFO]: [WorldEdit] Enabling WorldEdit v7.2.19+6642-415ef95
[14:30:04] [Server thread/INFO]: Registering commands with com.sk89q.worldedit.bukkit.BukkitServerInterface
[14:30:04] [Server thread/INFO]: WEPIF: Using the Bukkit Permissions API.
[14:30:04] [Server thread/INFO]: Using com.sk89q.worldedit.bukkit.adapter.impl.v1_20_R3.PaperweightAdapter as the Bukkit adapter
[14:30:06] [Server thread/INFO]: [BlockLocker] Enabling BlockLocker v1.13
[14:30:06] [Server thread/WARN]: [org.bukkit.craftbukkit.v1_20_R3.legacy.CraftLegacy] Initializing Legacy Material Support. Unless you have legacy plugins and/or data this is a bug!
[14:30:08] [Server thread/WARN]: [BlockLocker] Cannot recognize material pale_oak_door, ignoring it
[14:30:08] [Server thread/WARN]: [BlockLocker] Cannot recognize material pale_oak_fence_gate, ignoring it
[14:30:08] [Server thread/WARN]: [BlockLocker] Cannot recognize material pale_oak_trapdoor, ignoring it
[14:30:08] [Server thread/INFO]: [PlasmoVoice] Enabling PlasmoVoice v2.1.5
[14:30:08] [Server thread/INFO]: [PlasmoVoice] LuckPerms permissions listener attached
[14:30:08] [Server thread/INFO]: [PlasmoVoice] UDP server is started on /[0:0:0:0:0:0:0:0]:25565
[14:30:08] [Server thread/INFO]: [PlaceholderAPI] Successfully registered internal expansion: plasmovoice [2.1.5]
[14:30:08] [Server thread/INFO]: [SkinsRestorer] Enabling SkinsRestorer v15.7.8
[14:30:08] [pool-17-thread-1/WARN]: [PlasmoVoice] New version available 2.1.6+60bf85a: https://cdn.modrinth.com/data/1bZhdhsH/versions/aLnbX09d/PlasmoVoice-Paper-2.1.6%2B60bf85a-SNAPSHOT.jar
[14:30:09] [Server thread/INFO]: [SkinsRestorer] Running on Minecraft 1.20.4.
[14:30:09] [Server thread/INFO]: [SkinsRestorer] Using paper join listener!
[14:30:09] [Server thread/INFO]: [PlaceholderAPI] Successfully registered internal expansion: skinsrestorer [15.7.8]
[14:30:09] [Server thread/INFO]: [SkinsRestorer] PlaceholderAPI expansion registered!
[14:30:09] [Server thread/WARN]: **** SERVER IS RUNNING IN OFFLINE/INSECURE MODE!
[14:30:09] [Server thread/WARN]: The server will make no attempt to authenticate usernames. Beware.
[14:30:09] [Server thread/WARN]: While this makes the game possible to play without internet access, it also opens up the ability for hackers to connect with any username they choose.
[14:30:09] [Server thread/WARN]: To change this, set "online-mode" to "true" in the server.properties file.
[14:30:09] [Server thread/INFO]: Preparing level "world"
[14:30:09] [Folia Async Scheduler Thread #1/INFO]: [SkinsRestorer] ----------------------------------------------
[14:30:09] [Folia Async Scheduler Thread #1/INFO]: [SkinsRestorer]     +==================+
[14:30:09] [Folia Async Scheduler Thread #1/INFO]: [SkinsRestorer]     |   SkinsRestorer  |
[14:30:09] [Folia Async Scheduler Thread #1/INFO]: [SkinsRestorer]     |------------------|
[14:30:09] [Folia Async Scheduler Thread #1/INFO]: [SkinsRestorer]     |  Standalone Mode |
[14:30:09] [Folia Async Scheduler Thread #1/INFO]: [SkinsRestorer]     +==================+
[14:30:09] [Folia Async Scheduler Thread #1/INFO]: [SkinsRestorer] ----------------------------------------------
[14:30:09] [Folia Async Scheduler Thread #1/INFO]: [SkinsRestorer]     Version: 15.7.8
[14:30:09] [Folia Async Scheduler Thread #1/INFO]: [SkinsRestorer]     Commit: 8c78340
[14:30:09] [Folia Async Scheduler Thread #1/INFO]: [SkinsRestorer]     A new version (15.7.9) is available! Downloading update...
[14:30:09] [Folia Async Scheduler Thread #1/INFO]: [SkinsRestorer] ----------------------------------------------
[14:30:09] [Folia Async Scheduler Thread #1/INFO]: [SkinsRestorer] Do you have issues? Read our troubleshooting guide: https://skinsrestorer.net/docs/troubleshooting
[14:30:09] [Folia Async Scheduler Thread #1/INFO]: [SkinsRestorer] Want to support SkinsRestorer? Consider donating: https://skinsrestorer.net/donate
[14:30:09] [Folia Async Scheduler Thread #1/INFO]: [SkinsRestorer] [GitHubUpdate] Downloading update...
[14:30:10] [Folia Async Scheduler Thread #1/INFO]: [SkinsRestorer] [GitHubUpdate] Downloaded update in 551ms
[14:30:10] [Folia Async Scheduler Thread #1/INFO]: [SkinsRestorer] [GitHubUpdate] Update saved as SkinsRestorer.jar
[14:30:10] [Folia Async Scheduler Thread #1/INFO]: [SkinsRestorer] [GitHubUpdate] The update will be loaded on the next server restart
[14:30:10] [Server thread/INFO]: Preparing start region for dimension minecraft:overworld
[14:30:11] [Server thread/INFO]: Time elapsed: 266 ms
[14:30:11] [Server thread/INFO]: Preparing start region for dimension minecraft:the_nether
[14:30:11] [Server thread/INFO]: Time elapsed: 137 ms
[14:30:11] [Server thread/INFO]: Preparing start region for dimension minecraft:the_end
[14:30:12] [Server thread/INFO]: Time elapsed: 900 ms
[14:30:12] [Server thread/INFO]: [Essentials] Enabling Essentials v2.22.0-dev+11-58726fb
[14:30:12] [Server thread/ERROR]: [Essentials] You are running an unsupported server version!
[14:30:13] [Server thread/INFO]: [Essentials] Attempting to convert old kits in config.yml to new kits.yml
[14:30:13] [Server thread/INFO]: [Essentials] No kits found to migrate.
[14:30:13] [Server thread/INFO]: [Essentials] Selected Paper Biome Key Provider as the provider for BiomeKeyProvider
[14:30:13] [Server thread/INFO]: [Essentials] Selected 1.9-1.20.4 Potion Meta Provider as the provider for PotionMetaProvider
[14:30:13] [Server thread/INFO]: [Essentials] Selected 1.17.1+ World Info Provider as the provider for WorldInfoProvider
[14:30:13] [Server thread/INFO]: [Essentials] Selected Legacy Biome Name Provider as the provider for BiomeNameProvider
[14:30:13] [Server thread/INFO]: [Essentials] Selected Paper Server State Provider as the provider for ServerStateProvider
[14:30:13] [Server thread/INFO]: [Essentials] Selected 1.20.5+ Banner Data Provider as the provider for BannerDataProvider
[14:30:13] [Server thread/INFO]: [Essentials] Selected Legacy InventoryView Abstract Class ABI Provider as the provider for InventoryViewProvider
[14:30:13] [Server thread/INFO]: [Essentials] Selected Reflection Sync Commands Provider as the provider for SyncCommandsProvider
[14:30:13] [Server thread/INFO]: [Essentials] Selected Reflection Online Mode Provider as the provider for OnlineModeProvider
[14:30:13] [Server thread/INFO]: [Essentials] Selected 1.14+ Sign Data Provider as the provider for SignDataProvider
[14:30:13] [Server thread/INFO]: [Essentials] Selected 1.14.4+ Persistent Data Container Provider as the provider for PersistentDataProvider
[14:30:13] [Server thread/INFO]: [Essentials] Selected Paper Known Commands Provider as the provider for KnownCommandsProvider
[14:30:13] [Server thread/INFO]: [Essentials] Selected 1.12.2+ Player Locale Provider as the provider for PlayerLocaleProvider
[14:30:13] [Server thread/INFO]: [Essentials] Selected 1.11+ Item Unbreakable Provider as the provider for ItemUnbreakableProvider
[14:30:13] [Server thread/INFO]: [Essentials] Selected 1.8.3+ Spawner Item Provider as the provider for SpawnerItemProvider
[14:30:13] [Server thread/INFO]: [Essentials] Selected Paper Tick Count Provider as the provider for TickCountProvider
[14:30:13] [Server thread/INFO]: [Essentials] Selected 1.20.4+ Damage Event Provider as the provider for DamageEventProvider
[14:30:13] [Server thread/INFO]: [Essentials] Selected Paper Material Tag Provider as the provider for MaterialTagProvider
[14:30:13] [Server thread/INFO]: [Essentials] Selected Reflection Formatted Command Alias Provider as the provider for FormattedCommandAliasProvider
[14:30:13] [Server thread/INFO]: [Essentials] Selected 1.13+ Spawn Egg Provider as the provider for SpawnEggProvider
[14:30:13] [Server thread/INFO]: [Essentials] Selected Paper Container Provider as the provider for ContainerProvider
[14:30:13] [Server thread/INFO]: [Essentials] Selected 1.12+ Spawner Block Provider as the provider for SpawnerBlockProvider
[14:30:13] [Server thread/INFO]: [Essentials] Selected Paper Serialization Provider as the provider for SerializationProvider
[14:30:13] [Server thread/INFO]: [Essentials] Loaded 43880 items from items.json.
[14:30:13] [Server thread/INFO]: [Essentials] Using locale en
[14:30:13] [Server thread/INFO]: [Essentials] ServerListPingEvent: Spigot iterator API
[14:30:14] [Server thread/INFO]: [Essentials] Starting Metrics. Opt-out using the global bStats config.
[14:30:14] [Server thread/WARN]: [Essentials] Detected supported permissions plugin LuckPerms without Vault installed.
[14:30:14] [Server thread/WARN]: [Essentials] Features such as chat prefixes/suffixes and group-related functionality will not work until you install Vault.
[14:30:14] [Server thread/INFO]: [Essentials] Using superperms-based permissions.
[14:30:14] [Server thread/INFO]: [WorldGuard] Enabling WorldGuard v7.0.9+5934e49
[14:30:14] [Server thread/INFO]: [WorldGuard] (world) TNT ignition is PERMITTED.
[14:30:14] [Server thread/INFO]: [WorldGuard] (world) Lighters are PERMITTED.
[14:30:14] [Server thread/INFO]: [WorldGuard] (world) Lava fire is PERMITTED.
[14:30:14] [Server thread/INFO]: [WorldGuard] (world) Fire spread is UNRESTRICTED.
[14:30:14] [Server thread/INFO]: [WorldGuard] Loaded configuration for world 'world'
[14:30:14] [Server thread/INFO]: [WorldGuard] (world_nether) TNT ignition is PERMITTED.
[14:30:14] [Server thread/INFO]: [WorldGuard] (world_nether) Lighters are PERMITTED.
[14:30:14] [Server thread/INFO]: [WorldGuard] (world_nether) Lava fire is PERMITTED.
[14:30:14] [Server thread/INFO]: [WorldGuard] (world_nether) Fire spread is UNRESTRICTED.
[14:30:14] [Server thread/INFO]: [WorldGuard] Loaded configuration for world 'world_nether'
[14:30:14] [Server thread/INFO]: [WorldGuard] (world_the_end) TNT ignition is PERMITTED.
[14:30:14] [Server thread/INFO]: [WorldGuard] (world_the_end) Lighters are PERMITTED.
[14:30:14] [Server thread/INFO]: [WorldGuard] (world_the_end) Lava fire is PERMITTED.
[14:30:14] [Server thread/INFO]: [WorldGuard] (world_the_end) Fire spread is UNRESTRICTED.
[14:30:14] [Server thread/INFO]: [WorldGuard] Loaded configuration for world 'world_the_end'
[14:30:14] [Server thread/INFO]: [WorldGuard] Loading region data...
[14:30:14] [Server thread/INFO]: [PlaceholderAPI] Enabling PlaceholderAPI v2.11.6
[14:30:14] [Server thread/INFO]: [PlaceholderAPI] Fetching available expansion information...
[14:30:14] [Server thread/INFO]: [CraftEnhance] Enabling CraftEnhance v2.5.9
[14:30:14] [Server thread/INFO]: [CraftEnhance] Now starting MenuApi. Any errors will be shown below.
[14:30:14] [Server thread/WARN]: [CraftEnhance] It is not tested on versions beyond 1.19.4
[14:30:14] [Server thread/WARN]: [NBTAPI] [NBTAPI] This Server-Version(v1_20_R3) is not supported by this NBT-API Version(2.11.2) located at craftenhance.libs.menulib.dependencies.nbt.nbtapi.utils.MinecraftVersion. The NBT-API will try to work as good as it can! Some functions may not work!
[14:30:14] [Server thread/INFO]: [NBTAPI] [NBTAPI] Found Gson: class com.google.gson.Gson
[14:30:14] [Server thread/INFO]: [NBTAPI] [NBTAPI] Using the plugin 'LuckPerms' to create a bStats instance!
[14:30:15] [Thread-17/WARN]: [NBTAPI] [NBTAPI] The NBT-API located at 'package craftenhance.libs.menulib.dependencies.nbt.nbtapi' seems to be outdated!
[14:30:15] [Thread-17/WARN]: [NBTAPI] [NBTAPI] Current Version: '2.11.2' Newest Version: 2.15.1'
[14:30:15] [Thread-17/WARN]: [NBTAPI] [NBTAPI] Please update the NBTAPI or the plugin that contains the api(nag the mod author when the newest release has an old version, not the NBTAPI dev)!
[14:30:15] [Server thread/INFO]: [CraftEnhance] [STDOUT] getServerRecipe shapelessfalse
[14:30:15] [Server thread/WARN]: Nag author(s): '[DutchJelly]' of 'CraftEnhance v2.5.9' about their usage of System.out/err.print. Please use your plugin's logger instead (JavaPlugin#getLogger).
[14:30:15] [Server thread/INFO]: [CraftEnhance] [STDOUT] getServerRecipe shapelessfalse
[14:30:15] [Server thread/INFO]: [CraftEnhance] [STDOUT] getServerRecipe shapelessfalse
[14:30:15] [Server thread/INFO]: [CraftEnhance] [STDOUT] getServerRecipe shapelessfalse
[14:30:15] [Server thread/INFO]: [CraftEnhance] [STDOUT] getServerRecipe shapelessfalse
[14:30:15] [Server thread/INFO]: [CraftEnhance] [STDOUT] getServerRecipe shapelessfalse
[14:30:15] [Server thread/INFO]: [CraftEnhance] [STDOUT] getServerRecipe shapelessfalse
[14:30:15] [Server thread/INFO]: [CraftEnhance] [STDOUT] getServerRecipe shapelessfalse
[14:30:15] [Server thread/INFO]: [CraftEnhance] [STDOUT] getServerRecipe shapelessfalse
[14:30:15] [Server thread/INFO]: [CraftEnhance] [STDOUT] getServerRecipe shapelessfalse
[14:30:15] [Server thread/INFO]: [CraftEnhance] [STDOUT] getServerRecipe shapelessfalse
[14:30:15] [Server thread/INFO]: [CraftEnhance] [STDOUT] getServerRecipe shapelessfalse
[14:30:15] [Server thread/INFO]: [CraftEnhance] [STDOUT] getServerRecipe shapelessfalse
[14:30:15] [Server thread/INFO]: [CraftEnhance] [STDOUT] getServerRecipe shapelessfalse
[14:30:15] [Server thread/INFO]: [CraftEnhance] [STDOUT] getServerRecipe shapelessfalse
[14:30:15] [Server thread/INFO]: [CraftEnhance] [STDOUT] getServerRecipe shapelessfalse
[14:30:15] [Server thread/INFO]: [CraftEnhance] [STDOUT] getServerRecipe shapelessfalse
[14:30:15] [Server thread/INFO]: [CraftEnhance] [STDOUT] getServerRecipe shapelessfalse
[14:30:15] [Server thread/INFO]: [CraftEnhance] [STDOUT] getServerRecipe shapelessfalse
[14:30:15] [Server thread/INFO]: [CraftEnhance] [STDOUT] getServerRecipe shapelessfalse
[14:30:15] [Server thread/INFO]: [CraftEnhance] [STDOUT] getServerRecipe shapelessfalse
[14:30:15] [Server thread/INFO]: [CraftEnhance] [STDOUT] getServerRecipe shapelessfalse
[14:30:15] [Server thread/INFO]: [CraftEnhance] [STDOUT] getServerRecipe shapelessfalse
[14:30:15] [Server thread/INFO]: [CraftEnhance] [STDOUT] getServerRecipe shapelessfalse
[14:30:15] [Server thread/INFO]: [CraftEnhance] [STDOUT] getServerRecipe shapelessfalse
[14:30:15] [Server thread/INFO]: [CraftEnhance] [STDOUT] getServerRecipe shapelessfalse
[14:30:15] [Server thread/INFO]: [CraftEnhance] [STDOUT] getServerRecipe shapelessfalse
[14:30:15] [Server thread/INFO]: [CraftEnhance] [STDOUT] getServerRecipe shapelessfalse
[14:30:15] [Server thread/INFO]: [CraftEnhance] CraftEnhance is managed and developed by DutchJelly.
[14:30:15] [Server thread/INFO]: [CraftEnhance] If you find a bug in the plugin, please report it to https://github.com/DutchJelly/CraftEnhance/issues.
[14:30:15] [Server thread/INFO]: [CraftEnhance] Running a version check to check that the server is compatible with game version 1.9, 1.10, 1.11, 1.12, 1.13, 1.14, 1.15, 1.16, 1.17, 1.18, 1.19, 1.20.
[14:30:15] [Server thread/INFO]: [CraftEnhance] The correct version is installed.
[14:30:15] [Server thread/INFO]: [PvPManager] Enabling PvPManager v3.19.10
[14:30:15] [Server thread/INFO]: [PvPManager] Using player nametags: true
[14:30:16] [Server thread/INFO]: [PvPManager] Connected to SQLITE database successfully
[14:30:16] [Server thread/INFO]: [PvPManager] Players stored: 11
[14:30:16] [Server thread/INFO]: [PvPManager] WorldGuard Found! Enabling Support For WorldGuard Regions
[14:30:16] [Server thread/INFO]: [PvPManager] Essentials Found! Hooked successfully
[14:30:16] [Server thread/WARN]: [PvPManager] Vault not found! Features requiring Vault won't work!
[14:30:16] [Server thread/INFO]: [PvPManager] PlaceholderAPI Found! Hooked successfully
[14:30:16] [Server thread/INFO]: [PlaceholderAPI] Successfully registered internal expansion: pvpmanager [3.19.10]
[14:30:16] [Server thread/INFO]: [PvPManager] PvPManager v3.19.10 enabled (360 ms)
[14:30:16] [Server thread/INFO]: [ConditionalEvents] Enabling ConditionalEvents v4.65.1
[14:30:16] [Server thread/INFO]: [PlaceholderAPI] Successfully registered internal expansion: conditionalevents [4.65.1]
[14:30:16] [Server thread/INFO]: [ConditionalEvents] Has been enabled! Version: 4.65.1
[14:30:16] [Server thread/INFO]: [ConditionalEvents] Thanks for using my plugin!   ~Ajneb97
[14:30:16] [Server thread/INFO]: There is a new version available. (4.66.1)
[14:30:16] [Server thread/INFO]: You can download it at: https://modrinth.com/plugin/conditionalevents
[14:30:16] [Server thread/INFO]: [ItemEdit] Enabling ItemEdit v3.7.4
[14:30:16] [Server thread/INFO]: [ItemEdit] Hooking into MiniMessageAPI see https://webui.advntr.dev/
[14:30:16] [Server thread/INFO]: [ItemEdit] Selected Storage Type: YAML
[14:30:16] [Server thread/INFO]: [ItemEdit] Unable to hook into Vault
[14:30:16] [Server thread/INFO]: [ItemEdit] Hooking into PlaceHolderAPI
[14:30:16] [Server thread/INFO]: [ItemEdit] placeholders:
[14:30:16] [Server thread/INFO]: [ItemEdit]   %itemedit_amount_<{itemid}>_[{slot}]_[{player}]%
[14:30:16] [Server thread/INFO]: [ItemEdit]     shows how many itemid player has on slot
[14:30:16] [Server thread/INFO]: [ItemEdit]     <{itemid}> for item id on serveritem
[14:30:16] [Server thread/INFO]: [ItemEdit]     [{slot}] for the slot where the item should be counted, by default inventory
[14:30:16] [Server thread/INFO]: [ItemEdit]       Values: inventory (include offhand), equip (include offhand), inventoryandequip (include offhand), hand, offhand, head, chest, legs, feet
[14:30:16] [Server thread/INFO]: [ItemEdit]     [{player}] for the player, by default self
[14:30:16] [Server thread/INFO]: [ItemEdit]     example: %itemedit_amount_{my_item_id}_{hand}%
[14:30:16] [Server thread/INFO]: [PlaceholderAPI] Successfully registered internal expansion: itemedit [1.0]
[14:30:16] [Server thread/INFO]: [ItemEdit] # Enabled (took 157 ms)
[14:30:16] [Server thread/INFO]: [NametagEdit] Enabling NametagEdit v4.5.23
[14:30:16] [Server thread/INFO]: [NametagEdit] Successfully loaded using bukkit version: v1_20_R3
[14:30:16] [Server thread/INFO]: [NametagEdit] Found LuckPerms! Hooking in.
[14:30:16] [Server thread/INFO]: [Shopkeepers] Enabling Shopkeepers v2.20.0
[14:30:16] [Server thread/INFO]: [Shopkeepers] Loading the data of 5 shopkeepers ...
[14:30:16] [Server thread/INFO]: [AnimationsCore] Enabling AnimationsCore v0.1-SNAPSHOT
[14:30:16] [Server thread/WARN]: Plugin 'AnimationsCore' is creating timing 'Commands' - this is deprecated behavior, please report it to the authors: 
[14:30:16] [Server thread/INFO]: [AnimationsCore] [ACF] Enabled Asynchronous Tab Completion Support!
[14:30:16] [Server thread/WARN]: Plugin 'AnimationsCore' is creating timing 'Command: animation' - this is deprecated behavior, please report it to the authors: 
[14:30:17] [Server thread/INFO]: [PlaceholderAPI] Placeholder expansion registration initializing...
[14:30:17] [Server thread/INFO]: Running delayed init tasks
[14:30:17] [Craft Scheduler Thread - 3 - Essentials/INFO]: [Essentials] Fetching version information...
[14:30:17] [Server thread/INFO]: [PlaceholderAPI] Successfully registered external expansion: player [2.0.8]
[14:30:17] [Server thread/INFO]: 1 placeholder hook(s) registered!
[14:30:17] [Server thread/INFO]: Done (19.228s)! For help, type "help"
[14:30:17] [Server thread/INFO]: Timings Reset
[14:30:17] [Craft Scheduler Thread - 1 - CraftEnhance/INFO]: [CraftEnhance] There's a new version (2.4.4) of the plugin available on https://www.spigotmc.org/resources/1-9-1-19-custom-recipes-and-crafting-craftenhance.65058/ or https://dev.bukkit.org/projects/craftenhance/files.
[14:30:17] [Craft Scheduler Thread - 3 - Essentials/WARN]: [Essentials] You're 3 EssentialsX dev build(s) out of date!
[14:30:17] [Craft Scheduler Thread - 3 - Essentials/WARN]: [Essentials] Download it here: https://essentialsx.net/downloads.html
[14:30:18] [PvPManager Worker Thread - 0/INFO]: [PvPManager] Checking for updates...
[14:30:19] [PvPManager Worker Thread - 0/INFO]: [PvPManager] No update found
[14:31:58] [User Authenticator #0/INFO]: UUID of player Jihanna08 is 14adf41a-b4bc-3a06-b22a-d26c8922e922
[14:32:46] [User Authenticator #0/INFO]: UUID of player ianderson1 is 738e8da4-58f5-3f2c-95bc-b5714f453fe6
[14:33:42] [Server thread/INFO]: [AnimationsCore] [ACF] Can't read players locale, you will be unable to automatically detect players language. Only Bukkit 1.7+ is supported for this.
[14:33:42] [Server thread/INFO]: [AnimationsCore] [ACF] java.lang.NoSuchFieldException: locale
[14:33:42] [Server thread/INFO]: [AnimationsCore] [ACF] 	at java.base/java.lang.Class.getDeclaredField(Class.java:2782)
[14:33:42] [Server thread/INFO]: [AnimationsCore] [ACF] 	at AnimationCore-1.1.jar//shadded.acf.BukkitCommandManager.readPlayerLocale(BukkitCommandManager.java:314)
[14:33:42] [Server thread/INFO]: [AnimationsCore] [ACF] 	at AnimationCore-1.1.jar//shadded.acf.ACFBukkitListener.onPlayerJoin(ACFBukkitListener.java:54)
[14:33:42] [Server thread/INFO]: [AnimationsCore] [ACF] 	at com.destroystokyo.paper.event.executor.MethodHandleEventExecutor.execute(MethodHandleEventExecutor.java:40)
[14:33:42] [Server thread/INFO]: [AnimationsCore] [ACF] 	at co.aikar.timings.TimedEventExecutor.execute(TimedEventExecutor.java:81)
[14:33:42] [Server thread/INFO]: [AnimationsCore] [ACF] 	at org.bukkit.plugin.RegisteredListener.callEvent(RegisteredListener.java:70)
[14:33:42] [Server thread/INFO]: [AnimationsCore] [ACF] 	at io.papermc.paper.plugin.manager.PaperEventManager.callEvent(PaperEventManager.java:54)
[14:33:42] [Server thread/INFO]: [AnimationsCore] [ACF] 	at io.papermc.paper.plugin.manager.PaperPluginManagerImpl.callEvent(PaperPluginManagerImpl.java:126)
[14:33:42] [Server thread/INFO]: [AnimationsCore] [ACF] 	at org.bukkit.plugin.SimplePluginManager.callEvent(SimplePluginManager.java:615)
[14:33:42] [Server thread/INFO]: [AnimationsCore] [ACF] 	at net.minecraft.server.players.PlayerList.a(PlayerList.java:345)
[14:33:42] [Server thread/INFO]: [AnimationsCore] [ACF] 	at net.minecraft.server.network.ServerConfigurationPacketListenerImpl.a(ServerConfigurationPacketListenerImpl.java:134)
[14:33:42] [Server thread/INFO]: [AnimationsCore] [ACF] 	at net.minecraft.network.protocol.configuration.ServerboundFinishConfigurationPacket.a(ServerboundFinishConfigurationPacket.java:18)
[14:33:42] [Server thread/INFO]: [AnimationsCore] [ACF] 	at net.minecraft.network.protocol.configuration.ServerboundFinishConfigurationPacket.a(ServerboundFinishConfigurationPacket.java:9)
[14:33:42] [Server thread/INFO]: [AnimationsCore] [ACF] 	at net.minecraft.network.protocol.PlayerConnectionUtils.lambda$ensureRunningOnSameThread$0(PlayerConnectionUtils.java:54)
[14:33:42] [Server thread/INFO]: [AnimationsCore] [ACF] 	at net.minecraft.server.TickTask.run(TickTask.java:18)
[14:33:42] [Server thread/INFO]: [AnimationsCore] [ACF] 	at net.minecraft.util.thread.IAsyncTaskHandler.d(IAsyncTaskHandler.java:149)
[14:33:42] [Server thread/INFO]: [AnimationsCore] [ACF] 	at net.minecraft.util.thread.IAsyncTaskHandlerReentrant.d(IAsyncTaskHandlerReentrant.java:24)
[14:33:42] [Server thread/INFO]: [AnimationsCore] [ACF] 	at net.minecraft.server.MinecraftServer.b(MinecraftServer.java:1465)
[14:33:42] [Server thread/INFO]: [AnimationsCore] [ACF] 	at net.minecraft.server.MinecraftServer.d(MinecraftServer.java:194)
[14:33:42] [Server thread/INFO]: [AnimationsCore] [ACF] 	at net.minecraft.util.thread.IAsyncTaskHandler.x(IAsyncTaskHandler.java:123)
[14:33:42] [Server thread/INFO]: [AnimationsCore] [ACF] 	at net.minecraft.server.MinecraftServer.bl(MinecraftServer.java:1442)
[14:33:42] [Server thread/INFO]: [AnimationsCore] [ACF] 	at net.minecraft.server.MinecraftServer.x(MinecraftServer.java:1365)
[14:33:42] [Server thread/INFO]: [AnimationsCore] [ACF] 	at net.minecraft.util.thread.IAsyncTaskHandler.c(IAsyncTaskHandler.java:133)
[14:33:42] [Server thread/INFO]: [AnimationsCore] [ACF] 	at net.minecraft.server.MinecraftServer.w_(MinecraftServer.java:1343)
[14:33:42] [Server thread/INFO]: [AnimationsCore] [ACF] 	at net.minecraft.server.MinecraftServer.w(MinecraftServer.java:1232)
[14:33:42] [Server thread/INFO]: [AnimationsCore] [ACF] 	at net.minecraft.server.MinecraftServer.lambda$spin$0(MinecraftServer.java:319)
[14:33:42] [Server thread/INFO]: [AnimationsCore] [ACF] 	at java.base/java.lang.Thread.run(Thread.java:1583)
[14:33:42] [Server thread/INFO]: ianderson1 joined the game
[14:33:42] [Server thread/INFO]: ianderson1[/127.0.81.82:51549] logged in with entity id 115 at ([world]34.00960219846321, 111.0, -767.8046857613383)
[14:33:42] [Server thread/INFO]: Summoned new Creeper
[14:34:07] [Server thread/INFO]: Summoned new Creeper
[14:34:09] [Server thread/INFO]: Summoned new Creeper
[14:34:14] [Server thread/INFO]: Summoned new Creeper
[14:34:14] [Server thread/INFO]: Summoned new Creeper
[14:34:15] [Server thread/INFO]: Summoned new Creeper
[14:34:15] [Server thread/INFO]: Summoned new Creeper
[14:34:16] [Server thread/INFO]: Summoned new Creeper
[14:34:16] [Server thread/INFO]: Summoned new Creeper
[14:34:16] [Server thread/INFO]: Summoned new Creeper
[14:34:20] [Server thread/INFO]: Summoned new Creeper
[14:34:20] [Server thread/INFO]: Summoned new Creeper
[14:34:22] [Server thread/INFO]: Summoned new Creeper
[14:34:22] [Server thread/INFO]: Summoned new Creeper
[14:34:22] [Server thread/INFO]: Summoned new Creeper
[14:34:22] [Server thread/INFO]: Summoned new Creeper
[14:34:22] [Server thread/INFO]: Summoned new Creeper
[14:34:29] [Server thread/INFO]: Summoned new Creeper
[14:34:29] [Server thread/INFO]: Summoned new Creeper
[14:34:31] [Server thread/INFO]: Summoned new Creeper
[14:34:32] [Server thread/INFO]: Summoned new Creeper
[14:34:35] [Server thread/INFO]: Summoned new Creeper
[14:34:35] [Server thread/INFO]: Summoned new Creeper
[14:34:36] [Server thread/INFO]: Jihanna08 joined the game
[14:34:36] [Server thread/INFO]: Jihanna08[/127.36.39.132:58389] logged in with entity id 114 at ([world]25.937542943096837, 104.0, -776.1734369458483)
[14:34:38] [Server thread/INFO]: Summoned new Creeper
[14:34:44] [Server thread/INFO]: Summoned new Creeper
[14:34:44] [Server thread/INFO]: Summoned new Creeper
[14:34:44] [Server thread/INFO]: Summoned new Creeper
[14:34:46] [Server thread/INFO]: Summoned new Creeper
[14:34:46] [Server thread/INFO]: Summoned new Creeper
[14:34:48] [Server thread/INFO]: Summoned new Creeper
[14:34:48] [Server thread/INFO]: Summoned new Creeper
[14:34:54] [Server thread/INFO]: Summoned new Creeper
[14:34:54] [Server thread/INFO]: Summoned new Creeper
[14:34:59] [Server thread/INFO]: Summoned new Creeper
[14:35:00] [Server thread/INFO]: Summoned new Creeper
[14:35:02] [Server thread/INFO]: Summoned new Creeper
[14:35:05] [Server thread/INFO]: Summoned new Creeper
[14:35:05] [Server thread/INFO]: Summoned new Creeper
[14:35:05] [Server thread/INFO]: Summoned new Creeper
[14:35:06] [Server thread/INFO]: Summoned new Creeper
[14:35:12] [Server thread/INFO]: Summoned new Creeper
[14:35:12] [Server thread/INFO]: Summoned new Creeper
[14:35:12] [Server thread/INFO]: Summoned new Creeper
[14:35:12] [Server thread/INFO]: Summoned new Creeper
[14:35:17] [Server thread/INFO]: Summoned new Creeper
[14:35:17] [Server thread/INFO]: Summoned new Creeper
[14:35:24] [Server thread/INFO]: Summoned new Creeper
[14:35:24] [Server thread/INFO]: Summoned new Creeper
[14:35:26] [Server thread/INFO]: Summoned new Creeper
[14:35:30] [Server thread/INFO]: Summoned new Creeper
[14:35:30] [Server thread/INFO]: Summoned new Creeper
[14:35:34] [Server thread/INFO]: Summoned new Creeper
[14:35:35] [Server thread/INFO]: Summoned new Creeper
[14:35:40] [Server thread/INFO]: Summoned new Creeper
[14:35:47] [Server thread/INFO]: Summoned new Creeper
[14:35:48] [Server thread/INFO]: Summoned new Creeper
[14:35:48] [Server thread/INFO]: Summoned new Creeper
[14:35:48] [Server thread/INFO]: Summoned new Creeper
[14:35:48] [Server thread/INFO]: Summoned new Creeper
[14:35:49] [Server thread/INFO]: Summoned new Creeper
[14:35:49] [Server thread/INFO]: Summoned new Creeper
[14:35:55] [Server thread/INFO]: Summoned new Creeper
[14:35:56] [Server thread/INFO]: Summoned new Creeper
[14:35:57] [Server thread/INFO]: Summoned new Creeper
[14:35:57] [Server thread/INFO]: Summoned new Creeper
[14:35:57] [Server thread/INFO]: Summoned new Creeper
[14:35:58] [Server thread/INFO]: Summoned new Creeper
[14:35:58] [Server thread/INFO]: Summoned new Creeper
[14:35:58] [Server thread/INFO]: Summoned new Creeper
[14:35:58] [Server thread/INFO]: Summoned new Creeper
[14:35:58] [Server thread/INFO]: Summoned new Creeper
[14:35:58] [Server thread/INFO]: Summoned new Creeper
[14:35:58] [Server thread/INFO]: Summoned new Creeper
[14:35:58] [Server thread/INFO]: Summoned new Creeper
[14:35:58] [Server thread/INFO]: Summoned new Creeper
[14:35:58] [Server thread/INFO]: Summoned new Creeper
[14:36:02] [Server thread/INFO]: Summoned new Creeper
[14:36:02] [Server thread/INFO]: Summoned new Creeper
[14:36:02] [Server thread/INFO]: Summoned new Creeper
[14:36:03] [Server thread/INFO]: Summoned new Creeper
[14:36:04] [Server thread/INFO]: Summoned new Creeper
[14:36:04] [Server thread/INFO]: Summoned new Creeper
[14:36:08] [Server thread/INFO]: Summoned new Creeper
[14:36:08] [Server thread/INFO]: Summoned new Creeper
[14:36:08] [Server thread/INFO]: Summoned new Creeper
[14:36:08] [Server thread/INFO]: Summoned new Creeper
[14:36:08] [Server thread/INFO]: Summoned new Creeper
[14:36:08] [Server thread/INFO]: Summoned new Creeper
[14:36:12] [Server thread/INFO]: Summoned new Creeper
[14:36:13] [Server thread/INFO]: Summoned new Creeper
[14:36:20] [Server thread/INFO]: Summoned new Creeper
[14:36:24] [Server thread/INFO]: Summoned new Creeper
[14:36:25] [Server thread/INFO]: Summoned new Creeper
[14:36:25] [Server thread/INFO]: Summoned new Creeper
[14:36:26] [Server thread/INFO]: Summoned new Creeper
[14:36:26] [Server thread/INFO]: Summoned new Creeper
[14:36:26] [Server thread/INFO]: Summoned new Creeper
[14:36:35] [Server thread/INFO]: Summoned new Creeper
[14:36:39] [Server thread/INFO]: Summoned new Creeper
[14:36:40] [Server thread/INFO]: Summoned new Creeper
[14:36:40] [Server thread/INFO]: Summoned new Creeper
[14:36:47] [Server thread/INFO]: Summoned new Creeper
[14:36:51] [Server thread/INFO]: Summoned new Creeper
[14:36:51] [Server thread/INFO]: Summoned new Creeper
[14:36:51] [Server thread/INFO]: Summoned new Creeper
[14:36:51] [Server thread/INFO]: Summoned new Creeper
[14:36:51] [Server thread/INFO]: Summoned new Creeper
[14:36:51] [Server thread/INFO]: Summoned new Creeper
[14:36:51] [Server thread/INFO]: Summoned new Creeper
[14:36:51] [Server thread/INFO]: Summoned new Creeper
[14:36:51] [Server thread/INFO]: Summoned new Creeper
[14:36:56] [Server thread/INFO]: Summoned new Creeper
[14:36:56] [Server thread/INFO]: Summoned new Creeper
[14:36:56] [Server thread/INFO]: Summoned new Creeper
[14:36:56] [Server thread/INFO]: Summoned new Creeper
[14:37:01] [Server thread/INFO]: Summoned new Creeper
[14:37:02] [Server thread/INFO]: Summoned new Creeper
[14:37:02] [Server thread/INFO]: Summoned new Creeper
[14:37:02] [Server thread/INFO]: Summoned new Creeper
[14:37:02] [Server thread/INFO]: Summoned new Creeper
[14:37:04] [Server thread/INFO]: Summoned new Creeper
[14:37:14] [Server thread/INFO]: Summoned new Creeper
[14:37:18] [Server thread/INFO]: Summoned new Creeper
[14:37:18] [Server thread/INFO]: Summoned new Creeper
[14:37:20] [Server thread/INFO]: Summoned new Creeper
[14:37:20] [Server thread/INFO]: Summoned new Creeper
[14:37:27] [Server thread/INFO]: Summoned new Creeper
[14:37:27] [Server thread/INFO]: Summoned new Creeper
[14:37:27] [Server thread/INFO]: Summoned new Creeper
[14:37:27] [Server thread/INFO]: Summoned new Creeper
[14:37:27] [Server thread/INFO]: Summoned new Creeper
[14:37:30] [Server thread/INFO]: Summoned new Creeper
[14:37:31] [Server thread/INFO]: Summoned new Creeper
[14:37:31] [Server thread/INFO]: Summoned new Creeper
[14:37:31] [Server thread/INFO]: Summoned new Creeper
[14:37:31] [Server thread/INFO]: Summoned new Creeper
[14:37:31] [Server thread/INFO]: Summoned new Creeper
[14:37:31] [Server thread/INFO]: Summoned new Creeper
[14:37:32] [Server thread/INFO]: Summoned new Creeper
[14:37:32] [Server thread/INFO]: Summoned new Creeper
[14:37:37] [Server thread/INFO]: Summoned new Creeper
[14:37:39] [Server thread/INFO]: Summoned new Creeper
[14:37:39] [Server thread/INFO]: Summoned new Creeper
[14:37:39] [Server thread/INFO]: Summoned new Creeper
[14:37:45] [Server thread/INFO]: Summoned new Creeper
[14:37:46] [Server thread/INFO]: Player off does not exist or is offline!
[14:37:47] [Server thread/INFO]: Summoned new Creeper
[14:37:47] [Server thread/INFO]: Summoned new Creeper
[14:37:48] [Server thread/INFO]: Summoned new Creeper
[14:37:48] [Server thread/INFO]: Player off does not exist or is offline!
[14:37:50] [Server thread/INFO]: Summoned new Creeper
[14:37:51] [Server thread/INFO]: Summoned new Creeper
[14:37:52] [Server thread/INFO]: Summoned new Creeper
[14:37:52] [Server thread/INFO]: Summoned new Creeper
[14:37:56] [Server thread/INFO]: Player off does not exist or is offline!
[14:37:57] [Server thread/INFO]: Summoned new Creeper
[14:37:57] [Server thread/INFO]: Summoned new Creeper
[14:38:01] [Server thread/INFO]: Summoned new Creeper
[14:38:01] [Server thread/INFO]: Summoned new Creeper
[14:38:03] [Server thread/INFO]: Summoned new Creeper
[14:38:03] [Server thread/INFO]: Summoned new Creeper
[14:38:05] [Server thread/INFO]: [PvPManager] PvP state for ianderson1 was changed to Disabled
[14:38:10] [Server thread/INFO]: Summoned new Creeper
[14:38:16] [Server thread/INFO]: Summoned new Creeper
[14:38:16] [Server thread/INFO]: Summoned new Creeper
[14:38:16] [Server thread/INFO]: Summoned new Creeper
[14:38:16] [Server thread/INFO]: Summoned new Creeper
[14:38:16] [Server thread/INFO]: Summoned new Creeper
[14:38:16] [Server thread/INFO]: Summoned new Creeper
[14:38:16] [Server thread/INFO]: Summoned new Creeper
[14:38:16] [Server thread/INFO]: Summoned new Creeper
[14:38:22] [Server thread/INFO]: Summoned new Creeper
[14:38:22] [Server thread/INFO]: Summoned new Creeper
[14:38:27] [Server thread/INFO]: Summoned new Creeper
[14:38:27] [Server thread/INFO]: Summoned new Creeper
[14:38:27] [Server thread/INFO]: Summoned new Creeper
[14:38:27] [Server thread/INFO]: Summoned new Creeper
[14:38:27] [Server thread/INFO]: Summoned new Creeper
[14:38:27] [Server thread/INFO]: Summoned new Creeper
[14:38:37] [Server thread/INFO]: Summoned new Creeper
[14:38:37] [Server thread/INFO]: Summoned new Creeper
[14:38:38] [Server thread/INFO]: Summoned new Creeper
[14:38:38] [Server thread/INFO]: Summoned new Creeper
[14:38:43] [Server thread/INFO]: Made iMathias1 a server operator
[14:38:43] [Server thread/INFO]: Summoned new Creeper
[14:38:47] [Server thread/INFO]: Summoned new Creeper
[14:38:48] [Server thread/INFO]: Summoned new Creeper
[14:38:48] [Server thread/INFO]: Summoned new Creeper
[14:38:52] [Server thread/INFO]: Summoned new Creeper
[14:38:52] [Server thread/INFO]: Summoned new Creeper
[14:38:52] [Server thread/INFO]: Summoned new Creeper
[14:38:52] [Server thread/INFO]: Summoned new Creeper
[14:38:52] [Server thread/INFO]: Summoned new Creeper
[14:38:52] [Server thread/INFO]: Summoned new Creeper
[14:38:52] [Server thread/INFO]: Summoned new Creeper
[14:38:52] [Server thread/INFO]: Summoned new Creeper
[14:38:54] [Server thread/INFO]: Summoned new Creeper
[14:38:54] [Server thread/INFO]: Summoned new Creeper
[14:38:54] [Server thread/INFO]: Summoned new Creeper
[14:38:54] [Server thread/INFO]: Summoned new Creeper
[14:38:54] [Server thread/INFO]: Summoned new Creeper
[14:38:59] [Server thread/INFO]: Summoned new Creeper
[14:39:03] [Server thread/INFO]: Summoned new Creeper
[14:39:03] [Server thread/INFO]: Summoned new Creeper
[14:39:03] [Server thread/INFO]: Summoned new Creeper
[14:39:03] [Server thread/INFO]: Summoned new Creeper
[14:39:05] [Server thread/INFO]: Summoned new Creeper
[14:39:05] [Server thread/INFO]: Summoned new Creeper
[14:39:09] [Server thread/INFO]: Summoned new Creeper
[14:39:11] [Server thread/INFO]: Summoned new Creeper
[14:39:11] [Server thread/INFO]: Summoned new Creeper
[14:39:11] [Server thread/INFO]: Summoned new Creeper
[14:39:12] [Server thread/INFO]: Summoned new Creeper
[14:39:12] [Server thread/INFO]: Summoned new Creeper
[14:39:12] [Server thread/INFO]: Summoned new Creeper
[14:39:16] [Server thread/INFO]: Summoned new Creeper
[14:39:17] [Server thread/INFO]: Summoned new Creeper
[14:39:17] [Server thread/INFO]: Summoned new Creeper
[14:39:17] [Server thread/INFO]: Summoned new Creeper
[14:39:17] [Server thread/INFO]: Summoned new Creeper
[14:39:17] [Server thread/INFO]: Summoned new Creeper
[14:39:17] [Server thread/INFO]: Summoned new Creeper
[14:39:17] [Server thread/INFO]: Summoned new Creeper
[14:39:17] [Server thread/INFO]: Summoned new Creeper
[14:39:17] [Server thread/INFO]: Summoned new Creeper
[14:39:18] [Server thread/INFO]: Summoned new Creeper
[14:39:18] [Server thread/INFO]: Summoned new Creeper
[14:39:19] [Server thread/INFO]: Summoned new Creeper
[14:39:20] [Server thread/INFO]: Summoned new Creeper
[14:39:21] [Server thread/INFO]: Summoned new Creeper
[14:39:21] [Server thread/INFO]: Summoned new Creeper
[14:39:21] [Server thread/INFO]: Summoned new Creeper
[14:39:22] [Server thread/INFO]: Summoned new Creeper
[14:39:22] [Server thread/INFO]: Summoned new Creeper
[14:39:26] [Server thread/INFO]: Summoned new Creeper
[14:39:26] [Server thread/INFO]: Summoned new Creeper
[14:39:26] [Server thread/INFO]: Summoned new Creeper
[14:39:29] [Server thread/INFO]: Summoned new Creeper
[14:39:29] [Server thread/INFO]: Summoned new Creeper
[14:39:29] [Server thread/INFO]: Summoned new Creeper
[14:39:29] [Server thread/INFO]: Summoned new Creeper
[14:39:33] [Server thread/INFO]: Summoned new Creeper
[14:39:40] [Server thread/INFO]: Summoned new Creeper
[14:39:41] [Server thread/INFO]: Summoned new Creeper
[14:39:44] [Server thread/INFO]: Summoned new Creeper
[14:39:44] [Server thread/INFO]: Summoned new Creeper
[14:39:46] [Server thread/INFO]: Summoned new Creeper
[14:39:47] [Server thread/INFO]: Summoned new Creeper
[14:39:47] [Server thread/INFO]: Summoned new Creeper
